c:\openglproject\gameanimationprogramming\gameanimationproject\gameanim.08bfa897\x64\debug\vc143.pdb
c:\openglproject\gameanimationprogramming\gameanimationproject\gameanim.08bfa897\x64\debug\vc143.idb
c:\openglproject\gameanimationprogramming\gameanimationproject\gameanim.08bfa897\x64\debug\transform.obj
c:\openglproject\gameanimationprogramming\gameanimationproject\gameanim.08bfa897\x64\debug\track.obj
c:\openglproject\gameanimationprogramming\gameanimationproject\gameanim.08bfa897\x64\debug\texture.obj
c:\openglproject\gameanimationprogramming\gameanimationproject\gameanim.08bfa897\x64\debug\stb_image.obj
c:\openglproject\gameanimationprogramming\gameanimationproject\gameanim.08bfa897\x64\debug\skeleton.obj
c:\openglproject\gameanimationprogramming\gameanimationproject\gameanim.08bfa897\x64\debug\shader.obj
c:\openglproject\gameanimationprogramming\gameanimationproject\gameanim.08bfa897\x64\debug\quat.obj
c:\openglproject\gameanimationprogramming\gameanimationproject\gameanim.08bfa897\x64\debug\pose.obj
c:\openglproject\gameanimationprogramming\gameanimationproject\gameanim.08bfa897\x64\debug\mydemoapp.obj
c:\openglproject\gameanimationprogramming\gameanimationproject\gameanim.08bfa897\x64\debug\mesh.obj
c:\openglproject\gameanimationprogramming\gameanimationproject\gameanim.08bfa897\x64\debug\mat4.obj
c:\openglproject\gameanimationprogramming\gameanimationproject\gameanim.08bfa897\x64\debug\indexbuffer.obj
c:\openglproject\gameanimationprogramming\gameanimationproject\gameanim.08bfa897\x64\debug\gltfloader.obj
c:\openglproject\gameanimationprogramming\gameanimationproject\gameanim.08bfa897\x64\debug\draw.obj
c:\openglproject\gameanimationprogramming\gameanimationproject\gameanim.08bfa897\x64\debug\debugdraw.obj
c:\openglproject\gameanimationprogramming\gameanimationproject\gameanim.08bfa897\x64\debug\clip.obj
c:\openglproject\gameanimationprogramming\gameanimationproject\gameanim.08bfa897\x64\debug\chapter09sample02.obj
c:\openglproject\gameanimationprogramming\gameanimationproject\gameanim.08bfa897\x64\debug\chapter09sample01.obj
c:\openglproject\gameanimationprogramming\gameanimationproject\gameanim.08bfa897\x64\debug\chapter06sample01.obj
c:\openglproject\gameanimationprogramming\gameanimationproject\gameanim.08bfa897\x64\debug\attribute.obj
c:\openglproject\gameanimationprogramming\gameanimationproject\gameanim.08bfa897\x64\debug\winmain.obj
c:\openglproject\gameanimationprogramming\gameanimationproject\gameanim.08bfa897\x64\debug\vec3.obj
c:\openglproject\gameanimationprogramming\gameanimationproject\gameanim.08bfa897\x64\debug\uniform.obj
c:\openglproject\gameanimationprogramming\gameanimationproject\gameanim.08bfa897\x64\debug\transformtrack.obj
c:\openglproject\gameanimationprogramming\gameanimationproject\gameanim.08bfa897\x64\debug\glad.obj
c:\openglproject\gameanimationprogramming\gameanimationproject\gameanim.08bfa897\x64\debug\cgltf.obj
c:\openglproject\gameanimationprogramming\gameanimationproject\x64\debug\gameanimationproject.exe
c:\openglproject\gameanimationprogramming\gameanimationproject\x64\debug\gameanimationproject.pdb
c:\openglproject\gameanimationprogramming\gameanimationproject\gameanim.08bfa897\x64\debug\gameanimationproject.ilk
c:\openglproject\gameanimationprogramming\gameanimationproject\gameanim.08bfa897\x64\debug\gameanim.08bfa897.tlog\cl.command.1.tlog
c:\openglproject\gameanimationprogramming\gameanimationproject\gameanim.08bfa897\x64\debug\gameanim.08bfa897.tlog\cl.read.1.tlog
c:\openglproject\gameanimationprogramming\gameanimationproject\gameanim.08bfa897\x64\debug\gameanim.08bfa897.tlog\cl.write.1.tlog
c:\openglproject\gameanimationprogramming\gameanimationproject\gameanim.08bfa897\x64\debug\gameanim.08bfa897.tlog\link.command.1.tlog
c:\openglproject\gameanimationprogramming\gameanimationproject\gameanim.08bfa897\x64\debug\gameanim.08bfa897.tlog\link.read.1.tlog
c:\openglproject\gameanimationprogramming\gameanimationproject\gameanim.08bfa897\x64\debug\gameanim.08bfa897.tlog\link.secondary.1.tlog
c:\openglproject\gameanimationprogramming\gameanimationproject\gameanim.08bfa897\x64\debug\gameanim.08bfa897.tlog\link.write.1.tlog
